<?xml version="1.0" encoding="UTF-8"?>
<testng-results ignored="7" total="9" passed="2" failed="0" skipped="0">
  <reporter-output>
  </reporter-output>
  <suite started-at="2022-01-05T11:03:42 IST" name="TestNGSuite" finished-at="2022-01-05T11:03:54 IST" duration-ms="12702">
    <groups>
      <group name="Smoke">
        <method signature="ZeroBankTest.Fund_Transfer_Test()[pri:2, instance:ZeroBank.ZeroBankTest@6babf3bf]" name="Fund_Transfer_Test" class="ZeroBank.ZeroBankTest"/>
        <method signature="ZeroBankTest.Purchase_Foreign_Currency_Cash_Alert_Test()[pri:1, instance:ZeroBank.ZeroBankTest@6babf3bf]" name="Purchase_Foreign_Currency_Cash_Alert_Test" class="ZeroBank.ZeroBankTest"/>
      </group> <!-- Smoke -->
    </groups>
    <test started-at="2022-01-05T11:03:42 IST" name="ZeroBank" finished-at="2022-01-05T11:03:54 IST" duration-ms="12702">
      <class name="ZeroBank.ZeroBankTest">
        <test-method is-config="true" signature="SetUp()[pri:0, instance:ZeroBank.ZeroBankTest@6babf3bf]" started-at="2022-01-05T11:03:38 IST" name="SetUp" finished-at="2022-01-05T11:03:42 IST" duration-ms="3914" status="PASS">
          <reporter-output>
          </reporter-output>
        </test-method> <!-- SetUp -->
        <test-method is-config="true" signature="LoginTest_CorrectUsername_CorrectPassword()[pri:0, instance:ZeroBank.ZeroBankTest@6babf3bf]" started-at="2022-01-05T11:03:42 IST" name="LoginTest_CorrectUsername_CorrectPassword" finished-at="2022-01-05T11:03:46 IST" duration-ms="4351" status="PASS">
          <reporter-output>
          </reporter-output>
        </test-method> <!-- LoginTest_CorrectUsername_CorrectPassword -->
        <test-method signature="Purchase_Foreign_Currency_Cash_Alert_Test()[pri:1, instance:ZeroBank.ZeroBankTest@6babf3bf]" started-at="2022-01-05T11:03:46 IST" name="Purchase_Foreign_Currency_Cash_Alert_Test" finished-at="2022-01-05T11:03:48 IST" duration-ms="2368" status="PASS">
          <reporter-output>
          </reporter-output>
        </test-method> <!-- Purchase_Foreign_Currency_Cash_Alert_Test -->
        <test-method is-config="true" signature="Logout()[pri:0, instance:ZeroBank.ZeroBankTest@6babf3bf]" started-at="2022-01-05T11:03:48 IST" name="Logout" finished-at="2022-01-05T11:03:49 IST" duration-ms="894" status="PASS">
          <reporter-output>
          </reporter-output>
        </test-method> <!-- Logout -->
        <test-method is-config="true" signature="LoginTest_CorrectUsername_CorrectPassword()[pri:0, instance:ZeroBank.ZeroBankTest@6babf3bf]" started-at="2022-01-05T11:03:49 IST" name="LoginTest_CorrectUsername_CorrectPassword" finished-at="2022-01-05T11:03:51 IST" duration-ms="2001" status="PASS">
          <reporter-output>
          </reporter-output>
        </test-method> <!-- LoginTest_CorrectUsername_CorrectPassword -->
        <test-method signature="Fund_Transfer_Test()[pri:2, instance:ZeroBank.ZeroBankTest@6babf3bf]" started-at="2022-01-05T11:03:51 IST" name="Fund_Transfer_Test" finished-at="2022-01-05T11:03:54 IST" duration-ms="2294" status="PASS">
          <reporter-output>
          </reporter-output>
        </test-method> <!-- Fund_Transfer_Test -->
        <test-method is-config="true" signature="Logout()[pri:0, instance:ZeroBank.ZeroBankTest@6babf3bf]" started-at="2022-01-05T11:03:54 IST" name="Logout" finished-at="2022-01-05T11:03:54 IST" duration-ms="719" status="PASS">
          <reporter-output>
          </reporter-output>
        </test-method> <!-- Logout -->
        <test-method is-config="true" signature="CleanUp()[pri:0, instance:ZeroBank.ZeroBankTest@6babf3bf]" started-at="2022-01-05T11:03:55 IST" name="CleanUp" finished-at="2022-01-05T11:03:55 IST" duration-ms="266" status="PASS">
          <reporter-output>
          </reporter-output>
        </test-method> <!-- CleanUp -->
      </class> <!-- ZeroBank.ZeroBankTest -->
      <class name="ZeroBank.ZeroBankLoginTest">
        <test-method is-config="true" signature="SetUp()[pri:0, instance:ZeroBank.ZeroBankLoginTest@7a419da4]" started-at="2022-01-05T11:03:33 IST" name="SetUp" finished-at="2022-01-05T11:03:38 IST" duration-ms="4867" status="PASS">
          <reporter-output>
          </reporter-output>
        </test-method> <!-- SetUp -->
        <test-method is-config="true" signature="CleanUp()[pri:0, instance:ZeroBank.ZeroBankLoginTest@7a419da4]" started-at="2022-01-05T11:03:54 IST" name="CleanUp" finished-at="2022-01-05T11:03:55 IST" duration-ms="279" status="PASS">
          <reporter-output>
          </reporter-output>
        </test-method> <!-- CleanUp -->
      </class> <!-- ZeroBank.ZeroBankLoginTest -->
    </test> <!-- ZeroBank -->
  </suite> <!-- TestNGSuite -->
</testng-results>
