<?xml version="1.0" encoding="UTF-8"?>
<!-- Generated by org.testng.reporters.JUnitXMLReporter -->
<testsuite ignored="0" hostname="Win10-2-205" failures="0" tests="9" name="ZeroBank" time="35.924" errors="0" timestamp="2022-01-05T01:34:13 IST">
  <testcase classname="ZeroBank.ZeroBankTest" name="Purchase_Foreign_Currency_Cash_Alert_Test" time="2.619"/>
  <testcase classname="ZeroBank.ZeroBankTest" name="Fund_Transfer_Test" time="2.135"/>
  <testcase classname="ZeroBank.ZeroBankTest" name="Purchase_Foreign_Currency_Cash_Invalid_Amount_Test" time="1.712"/>
  <testcase classname="ZeroBank.ZeroBankTest" name="Fund_Transfer_Test_NotContinue_for_InvalidValue" time="1.674"/>
  <testcase classname="ZeroBank.ZeroBankTest" name="Invalid_Data_In_Search" time="0.477"/>
  <testcase classname="ZeroBank.ZeroBankTest" name="On_Cancel_Go_Back" time="1.969"/>
  <testcase classname="ZeroBank.ZeroBankLoginTest" name="LoginTest_CorrectUsername_InorrectPassword" time="1.624"/>
  <testcase classname="ZeroBank.ZeroBankLoginTest" name="LoginTest_EmptyUsername_EmptyPassword" time="1.095"/>
  <testcase classname="ZeroBank.ZeroBankLoginTest" name="LoginTest_InorrectUsername_CorrectPassword" time="1.271"/>
</testsuite> <!-- ZeroBank -->
