<?xml version="1.0" encoding="UTF-8"?>
<!-- Generated by org.testng.reporters.JUnitXMLReporter -->
<testsuite ignored="7" hostname="Win10-2-205" failures="0" tests="2" name="ZeroBank" time="12.702" errors="0" timestamp="2022-01-05T11:03:54 IST">
  <testcase classname="ZeroBank.ZeroBankTest" name="Purchase_Foreign_Currency_Cash_Alert_Test" time="2.368"/>
  <testcase classname="ZeroBank.ZeroBankTest" name="Fund_Transfer_Test" time="2.294"/>
  <testcase classname="ZeroBank.ZeroBankLoginTest" name="LoginTest_InorrectUsername_CorrectPassword" time="0.0">
    <ignored/>
  </testcase> <!-- LoginTest_InorrectUsername_CorrectPassword -->
  <testcase classname="ZeroBank.ZeroBankLoginTest" name="LoginTest_EmptyUsername_EmptyPassword" time="0.0">
    <ignored/>
  </testcase> <!-- LoginTest_EmptyUsername_EmptyPassword -->
  <testcase classname="ZeroBank.ZeroBankTest" name="Invalid_Data_In_Search" time="0.0">
    <ignored/>
  </testcase> <!-- Invalid_Data_In_Search -->
  <testcase classname="ZeroBank.ZeroBankTest" name="Purchase_Foreign_Currency_Cash_Invalid_Amount_Test" time="0.0">
    <ignored/>
  </testcase> <!-- Purchase_Foreign_Currency_Cash_Invalid_Amount_Test -->
  <testcase classname="ZeroBank.ZeroBankTest" name="On_Cancel_Go_Back" time="0.0">
    <ignored/>
  </testcase> <!-- On_Cancel_Go_Back -->
  <testcase classname="ZeroBank.ZeroBankLoginTest" name="LoginTest_CorrectUsername_InorrectPassword" time="0.0">
    <ignored/>
  </testcase> <!-- LoginTest_CorrectUsername_InorrectPassword -->
  <testcase classname="ZeroBank.ZeroBankTest" name="Fund_Transfer_Test_NotContinue_for_InvalidValue" time="0.0">
    <ignored/>
  </testcase> <!-- Fund_Transfer_Test_NotContinue_for_InvalidValue -->
</testsuite> <!-- ZeroBank -->
